# JRE version: OpenJDK Runtime Environment (8.0_242-b01) (build 1.8.0_242-release-1644-b01)
# Java VM: OpenJDK 64-Bit Server VM (25.242-b01 mixed mode windows-amd64 compressed oops)
Heap:
 PSYoungGen      total 561664K, used 302201K [0x00000000d5580000, 0x00000000ffa80000, 0x0000000100000000)
  eden space 505344K, 57% used [0x00000000d5580000,0x00000000e72be4b0,0x00000000f4300000)
  from space 56320K, 17% used [0x00000000f4300000,0x00000000f4ce0040,0x00000000f7a00000)
  to   space 55296K, 0% used [0x00000000fc480000,0x00000000fc480000,0x00000000ffa80000)
 ParOldGen       total 334336K, used 63622K [0x0000000080000000, 0x0000000094680000, 0x00000000d5580000)
  object space 334336K, 19% used [0x0000000080000000,0x0000000083e218c8,0x0000000094680000)
 Metaspace       used 95698K, capacity 101246K, committed 101656K, reserved 1136640K
  class space    used 12503K, capacity 13457K, committed 13600K, reserved 1048576K
GC Heap History (10 events):
Event: 68.803 GC heap before
{Heap before GC invocations=15 (full 3):
 PSYoungGen      total 412160K, used 388565K [0x00000000d5580000, 0x00000000f7880000, 0x0000000100000000)
  eden space 352768K, 100% used [0x00000000d5580000,0x00000000eae00000,0x00000000eae00000)
  from space 59392K, 60% used [0x00000000eae00000,0x00000000ed0f5578,0x00000000ee800000)
  to   space 60416K, 0% used [0x00000000f3d80000,0x00000000f3d80000,0x00000000f7880000)
 ParOldGen       total 217088K, used 142298K [0x0000000080000000, 0x000000008d400000, 0x00000000d5580000)
  object space 217088K, 65% used [0x0000000080000000,0x0000000088af6ab8,0x000000008d400000)
 Metaspace       used 90184K, capacity 95522K, committed 95768K, reserved 1132544K
  class space    used 12155K, capacity 13082K, committed 13088K, reserved 1048576K
Event: 68.829 GC heap after
Heap after GC invocations=15 (full 3):
 PSYoungGen      total 470016K, used 31509K [0x00000000d5580000, 0x00000000f6900000, 0x0000000100000000)
  eden space 425472K, 0% used [0x00000000d5580000,0x00000000d5580000,0x00000000ef500000)
  from space 44544K, 70% used [0x00000000f3d80000,0x00000000f5c45710,0x00000000f6900000)
  to   space 59392K, 0% used [0x00000000ef500000,0x00000000ef500000,0x00000000f2f00000)
 ParOldGen       total 217088K, used 142306K [0x0000000080000000, 0x000000008d400000, 0x00000000d5580000)
  object space 217088K, 65% used [0x0000000080000000,0x0000000088af8ab8,0x000000008d400000)
 Metaspace       used 90184K, capacity 95522K, committed 95768K, reserved 1132544K
  class space    used 12155K, capacity 13082K, committed 13088K, reserved 1048576K
}
Event: 71.488 GC heap before
{Heap before GC invocations=16 (full 3):
 PSYoungGen      total 470016K, used 299953K [0x00000000d5580000, 0x00000000f6900000, 0x0000000100000000)
  eden space 425472K, 63% used [0x00000000d5580000,0x00000000e5ba6f68,0x00000000ef500000)
  from space 44544K, 70% used [0x00000000f3d80000,0x00000000f5c45710,0x00000000f6900000)
  to   space 59392K, 0% used [0x00000000ef500000,0x00000000ef500000,0x00000000f2f00000)
 ParOldGen       total 217088K, used 142306K [0x0000000080000000, 0x000000008d400000, 0x00000000d5580000)
  object space 217088K, 65% used [0x0000000080000000,0x0000000088af8ab8,0x000000008d400000)
 Metaspace       used 92885K, capacity 98494K, committed 98600K, reserved 1134592K
  class space    used 12427K, capacity 13413K, committed 13472K, reserved 1048576K
Event: 71.520 GC heap after
Heap after GC invocations=16 (full 3):
 PSYoungGen      total 484864K, used 27018K [0x00000000d5580000, 0x00000000fb300000, 0x0000000100000000)
  eden space 425472K, 0% used [0x00000000d5580000,0x00000000d5580000,0x00000000ef500000)
  from space 59392K, 45% used [0x00000000ef500000,0x00000000f0f62880,0x00000000f2f00000)
  to   space 56832K, 0% used [0x00000000f7b80000,0x00000000f7b80000,0x00000000fb300000)
 ParOldGen       total 217088K, used 142314K [0x0000000080000000, 0x000000008d400000, 0x00000000d5580000)
  object space 217088K, 65% used [0x0000000080000000,0x0000000088afaab8,0x000000008d400000)
 Metaspace       used 92885K, capacity 98494K, committed 98600K, reserved 1134592K
  class space    used 12427K, capacity 13413K, committed 13472K, reserved 1048576K
}
Event: 71.520 GC heap before
{Heap before GC invocations=17 (full 4):
 PSYoungGen      total 484864K, used 27018K [0x00000000d5580000, 0x00000000fb300000, 0x0000000100000000)
  eden space 425472K, 0% used [0x00000000d5580000,0x00000000d5580000,0x00000000ef500000)
  from space 59392K, 45% used [0x00000000ef500000,0x00000000f0f62880,0x00000000f2f00000)
  to   space 56832K, 0% used [0x00000000f7b80000,0x00000000f7b80000,0x00000000fb300000)
 ParOldGen       total 217088K, used 142314K [0x0000000080000000, 0x000000008d400000, 0x00000000d5580000)
  object space 217088K, 65% used [0x0000000080000000,0x0000000088afaab8,0x000000008d400000)
 Metaspace       used 92885K, capacity 98494K, committed 98600K, reserved 1134592K
  class space    used 12427K, capacity 13413K, committed 13472K, reserved 1048576K
Event: 71.713 GC heap after
Heap after GC invocations=17 (full 4):
 PSYoungGen      total 484864K, used 0K [0x00000000d5580000, 0x00000000fb300000, 0x0000000100000000)
  eden space 425472K, 0% used [0x00000000d5580000,0x00000000d5580000,0x00000000ef500000)
  from space 59392K, 0% used [0x00000000ef500000,0x00000000ef500000,0x00000000f2f00000)
  to   space 56832K, 0% used [0x00000000f7b80000,0x00000000f7b80000,0x00000000fb300000)
 ParOldGen       total 334336K, used 63606K [0x0000000080000000, 0x0000000094680000, 0x00000000d5580000)
  object space 334336K, 19% used [0x0000000080000000,0x0000000083e1d8c8,0x0000000094680000)
 Metaspace       used 92283K, capacity 96772K, committed 98600K, reserved 1134592K
  class space    used 12225K, capacity 13056K, committed 13472K, reserved 1048576K
}
Event: 122.732 GC heap before
{Heap before GC invocations=18 (full 4):
 PSYoungGen      total 484864K, used 425472K [0x00000000d5580000, 0x00000000fb300000, 0x0000000100000000)
  eden space 425472K, 100% used [0x00000000d5580000,0x00000000ef500000,0x00000000ef500000)
  from space 59392K, 0% used [0x00000000ef500000,0x00000000ef500000,0x00000000f2f00000)
  to   space 56832K, 0% used [0x00000000f7b80000,0x00000000f7b80000,0x00000000fb300000)
 ParOldGen       total 334336K, used 63606K [0x0000000080000000, 0x0000000094680000, 0x00000000d5580000)
  object space 334336K, 19% used [0x0000000080000000,0x0000000083e1d8c8,0x0000000094680000)
 Metaspace       used 94155K, capacity 98896K, committed 100376K, reserved 1136640K
  class space    used 12377K, capacity 13204K, committed 13600K, reserved 1048576K
Event: 122.747 GC heap after
Heap after GC invocations=18 (full 4):
 PSYoungGen      total 560128K, used 9301K [0x00000000d5580000, 0x00000000fb100000, 0x0000000100000000)
  eden space 505344K, 0% used [0x00000000d5580000,0x00000000d5580000,0x00000000f4300000)
  from space 54784K, 16% used [0x00000000f7b80000,0x00000000f8495590,0x00000000fb100000)
  to   space 56320K, 0% used [0x00000000f4300000,0x00000000f4300000,0x00000000f7a00000)
 ParOldGen       total 334336K, used 63614K [0x0000000080000000, 0x0000000094680000, 0x00000000d5580000)
  object space 334336K, 19% used [0x0000000080000000,0x0000000083e1f8c8,0x0000000094680000)
 Metaspace       used 94155K, capacity 98896K, committed 100376K, reserved 1136640K
  class space    used 12377K, capacity 13204K, committed 13600K, reserved 1048576K
}
Event: 195.162 GC heap before
{Heap before GC invocations=19 (full 4):
 PSYoungGen      total 560128K, used 514645K [0x00000000d5580000, 0x00000000fb100000, 0x0000000100000000)
  eden space 505344K, 100% used [0x00000000d5580000,0x00000000f4300000,0x00000000f4300000)
  from space 54784K, 16% used [0x00000000f7b80000,0x00000000f8495590,0x00000000fb100000)
  to   space 56320K, 0% used [0x00000000f4300000,0x00000000f4300000,0x00000000f7a00000)
 ParOldGen       total 334336K, used 63614K [0x0000000080000000, 0x0000000094680000, 0x00000000d5580000)
  object space 334336K, 19% used [0x0000000080000000,0x0000000083e1f8c8,0x0000000094680000)
 Metaspace       used 94971K, capacity 100108K, committed 100888K, reserved 1136640K
  class space    used 12434K, capacity 13334K, committed 13600K, reserved 1048576K
Event: 195.173 GC heap after
Heap after GC invocations=19 (full 4):
 PSYoungGen      total 561664K, used 10112K [0x00000000d5580000, 0x00000000ffa80000, 0x0000000100000000)
  eden space 505344K, 0% used [0x00000000d5580000,0x00000000d5580000,0x00000000f4300000)
  from space 56320K, 17% used [0x00000000f4300000,0x00000000f4ce0040,0x00000000f7a00000)
  to   space 55296K, 0% used [0x00000000fc480000,0x00000000fc480000,0x00000000ffa80000)
 ParOldGen       total 334336K, used 63622K [0x0000000080000000, 0x0000000094680000, 0x00000000d5580000)
  object space 334336K, 19% used [0x0000000080000000,0x0000000083e218c8,0x0000000094680000)
 Metaspace       used 94971K, capacity 100108K, committed 100888K, reserved 1136640K
  class space    used 12434K, capacity 13334K, committed 13600K, reserved 1048576K
}

