# JRE version: OpenJDK Runtime Environment (8.0_242-b01) (build 1.8.0_242-release-1644-b01)
# Java VM: OpenJDK 64-Bit Server VM (25.242-b01 mixed mode windows-amd64 compressed oops)
Heap:
 PSYoungGen      total 566272K, used 536509K [0x00000000d5580000, 0x0000000100000000, 0x0000000100000000)
  eden space 433664K, 93% used [0x00000000d5580000,0x00000000edff20f0,0x00000000efd00000)
  from space 132608K, 99% used [0x00000000efd00000,0x00000000f7e7d3a0,0x00000000f7e80000)
  to   space 132608K, 0% used [0x00000000f7e80000,0x00000000f7e80000,0x0000000100000000)
 ParOldGen       total 338944K, used 253470K [0x0000000080000000, 0x0000000094b00000, 0x00000000d5580000)
  object space 338944K, 74% used [0x0000000080000000,0x000000008f787ba0,0x0000000094b00000)
 Metaspace       used 106395K, capacity 113712K, committed 114072K, reserved 1148928K
  class space    used 13836K, capacity 15140K, committed 15264K, reserved 1048576K
GC Heap History (10 events):
Event: 343.565 GC heap before
{Heap before GC invocations=21 (full 4):
 PSYoungGen      total 592384K, used 579633K [0x00000000d5580000, 0x00000000fd280000, 0x0000000100000000)
  eden space 563200K, 100% used [0x00000000d5580000,0x00000000f7b80000,0x00000000f7b80000)
  from space 29184K, 56% used [0x00000000fb600000,0x00000000fc60c780,0x00000000fd280000)
  to   space 44544K, 0% used [0x00000000f7b80000,0x00000000f7b80000,0x00000000fa700000)
 ParOldGen       total 338944K, used 82616K [0x0000000080000000, 0x0000000094b00000, 0x00000000d5580000)
  object space 338944K, 24% used [0x0000000080000000,0x00000000850ae0d8,0x0000000094b00000)
 Metaspace       used 103181K, capacity 108984K, committed 109464K, reserved 1144832K
  class space    used 13501K, capacity 14580K, committed 14752K, reserved 1048576K
Event: 343.794 GC heap after
Heap after GC invocations=21 (full 4):
 PSYoungGen      total 607744K, used 44530K [0x00000000d5580000, 0x0000000100000000, 0x0000000100000000)
  eden space 563200K, 0% used [0x00000000d5580000,0x00000000d5580000,0x00000000f7b80000)
  from space 44544K, 99% used [0x00000000f7b80000,0x00000000fa6fcbc8,0x00000000fa700000)
  to   space 80384K, 0% used [0x00000000fb180000,0x00000000fb180000,0x0000000100000000)
 ParOldGen       total 338944K, used 159916K [0x0000000080000000, 0x0000000094b00000, 0x00000000d5580000)
  object space 338944K, 47% used [0x0000000080000000,0x0000000089c2b348,0x0000000094b00000)
 Metaspace       used 103181K, capacity 108984K, committed 109464K, reserved 1144832K
  class space    used 13501K, capacity 14580K, committed 14752K, reserved 1048576K
}
Event: 349.709 GC heap before
{Heap before GC invocations=22 (full 4):
 PSYoungGen      total 607744K, used 607730K [0x00000000d5580000, 0x0000000100000000, 0x0000000100000000)
  eden space 563200K, 100% used [0x00000000d5580000,0x00000000f7b80000,0x00000000f7b80000)
  from space 44544K, 99% used [0x00000000f7b80000,0x00000000fa6fcbc8,0x00000000fa700000)
  to   space 80384K, 0% used [0x00000000fb180000,0x00000000fb180000,0x0000000100000000)
 ParOldGen       total 338944K, used 159916K [0x0000000080000000, 0x0000000094b00000, 0x00000000d5580000)
  object space 338944K, 47% used [0x0000000080000000,0x0000000089c2b348,0x0000000094b00000)
 Metaspace       used 104716K, capacity 110972K, committed 111128K, reserved 1144832K
  class space    used 13646K, capacity 14792K, committed 14880K, reserved 1048576K
Event: 349.779 GC heap after
Heap after GC invocations=22 (full 4):
 PSYoungGen      total 613376K, used 50021K [0x00000000d5580000, 0x0000000100000000, 0x0000000100000000)
  eden space 532992K, 0% used [0x00000000d5580000,0x00000000d5580000,0x00000000f5e00000)
  from space 80384K, 62% used [0x00000000fb180000,0x00000000fe259690,0x0000000100000000)
  to   space 82944K, 0% used [0x00000000f5e00000,0x00000000f5e00000,0x00000000faf00000)
 ParOldGen       total 338944K, used 159924K [0x0000000080000000, 0x0000000094b00000, 0x00000000d5580000)
  object space 338944K, 47% used [0x0000000080000000,0x0000000089c2d348,0x0000000094b00000)
 Metaspace       used 104716K, capacity 110972K, committed 111128K, reserved 1144832K
  class space    used 13646K, capacity 14792K, committed 14880K, reserved 1048576K
}
Event: 351.675 GC heap before
{Heap before GC invocations=23 (full 4):
 PSYoungGen      total 613376K, used 582462K [0x00000000d5580000, 0x0000000100000000, 0x0000000100000000)
  eden space 532992K, 99% used [0x00000000d5580000,0x00000000f5d764e0,0x00000000f5e00000)
  from space 80384K, 62% used [0x00000000fb180000,0x00000000fe259690,0x0000000100000000)
  to   space 82944K, 0% used [0x00000000f5e00000,0x00000000f5e00000,0x00000000faf00000)
 ParOldGen       total 338944K, used 159924K [0x0000000080000000, 0x0000000094b00000, 0x00000000d5580000)
  object space 338944K, 47% used [0x0000000080000000,0x0000000089c2d348,0x0000000094b00000)
 Metaspace       used 105025K, capacity 111602K, committed 111640K, reserved 1146880K
  class space    used 13695K, capacity 14873K, committed 14880K, reserved 1048576K
Event: 351.761 GC heap after
Heap after GC invocations=23 (full 4):
 PSYoungGen      total 615936K, used 82920K [0x00000000d5580000, 0x0000000100000000, 0x0000000100000000)
  eden space 532992K, 0% used [0x00000000d5580000,0x00000000d5580000,0x00000000f5e00000)
  from space 82944K, 99% used [0x00000000f5e00000,0x00000000faefa3b0,0x00000000faf00000)
  to   space 82944K, 0% used [0x00000000faf00000,0x00000000faf00000,0x0000000100000000)
 ParOldGen       total 338944K, used 216795K [0x0000000080000000, 0x0000000094b00000, 0x00000000d5580000)
  object space 338944K, 63% used [0x0000000080000000,0x000000008d3b6c68,0x0000000094b00000)
 Metaspace       used 105025K, capacity 111602K, committed 111640K, reserved 1146880K
  class space    used 13695K, capacity 14873K, committed 14880K, reserved 1048576K
}
Event: 366.145 GC heap before
{Heap before GC invocations=24 (full 4):
 PSYoungGen      total 615936K, used 615912K [0x00000000d5580000, 0x0000000100000000, 0x0000000100000000)
  eden space 532992K, 100% used [0x00000000d5580000,0x00000000f5e00000,0x00000000f5e00000)
  from space 82944K, 99% used [0x00000000f5e00000,0x00000000faefa3b0,0x00000000faf00000)
  to   space 82944K, 0% used [0x00000000faf00000,0x00000000faf00000,0x0000000100000000)
 ParOldGen       total 338944K, used 216795K [0x0000000080000000, 0x0000000094b00000, 0x00000000d5580000)
  object space 338944K, 63% used [0x0000000080000000,0x000000008d3b6c68,0x0000000094b00000)
 Metaspace       used 105659K, capacity 112664K, committed 112920K, reserved 1146880K
  class space    used 13773K, capacity 15022K, committed 15136K, reserved 1048576K
Event: 366.227 GC heap after
Heap after GC invocations=24 (full 4):
 PSYoungGen      total 516608K, used 82941K [0x00000000d5580000, 0x0000000100000000, 0x0000000100000000)
  eden space 433664K, 0% used [0x00000000d5580000,0x00000000d5580000,0x00000000efd00000)
  from space 82944K, 99% used [0x00000000faf00000,0x00000000fffff770,0x0000000100000000)
  to   space 132608K, 0% used [0x00000000efd00000,0x00000000efd00000,0x00000000f7e80000)
 ParOldGen       total 338944K, used 233956K [0x0000000080000000, 0x0000000094b00000, 0x00000000d5580000)
  object space 338944K, 69% used [0x0000000080000000,0x000000008e4793a8,0x0000000094b00000)
 Metaspace       used 105659K, capacity 112664K, committed 112920K, reserved 1146880K
  class space    used 13773K, capacity 15022K, committed 15136K, reserved 1048576K
}
Event: 367.546 GC heap before
{Heap before GC invocations=25 (full 4):
 PSYoungGen      total 516608K, used 516605K [0x00000000d5580000, 0x0000000100000000, 0x0000000100000000)
  eden space 433664K, 100% used [0x00000000d5580000,0x00000000efd00000,0x00000000efd00000)
  from space 82944K, 99% used [0x00000000faf00000,0x00000000fffff770,0x0000000100000000)
  to   space 132608K, 0% used [0x00000000efd00000,0x00000000efd00000,0x00000000f7e80000)
 ParOldGen       total 338944K, used 233956K [0x0000000080000000, 0x0000000094b00000, 0x00000000d5580000)
  object space 338944K, 69% used [0x0000000080000000,0x000000008e4793a8,0x0000000094b00000)
 Metaspace       used 105701K, capacity 112664K, committed 112920K, reserved 1146880K
  class space    used 13773K, capacity 15022K, committed 15136K, reserved 1048576K
Event: 367.644 GC heap after
Heap after GC invocations=25 (full 4):
 PSYoungGen      total 566272K, used 132596K [0x00000000d5580000, 0x0000000100000000, 0x0000000100000000)
  eden space 433664K, 0% used [0x00000000d5580000,0x00000000d5580000,0x00000000efd00000)
  from space 132608K, 99% used [0x00000000efd00000,0x00000000f7e7d3a0,0x00000000f7e80000)
  to   space 132608K, 0% used [0x00000000f7e80000,0x00000000f7e80000,0x0000000100000000)
 ParOldGen       total 338944K, used 253470K [0x0000000080000000, 0x0000000094b00000, 0x00000000d5580000)
  object space 338944K, 74% used [0x0000000080000000,0x000000008f787ba0,0x0000000094b00000)
 Metaspace       used 105701K, capacity 112664K, committed 112920K, reserved 1146880K
  class space    used 13773K, capacity 15022K, committed 15136K, reserved 1048576K
}

